This is pdfTeX, Version 3.1415926-2.5-1.40.14 (TeX Live 2013) (format=pdflatex 2014.3.4)  8 MAY 2015 10:41
entering extended mode
 restricted \write18 enabled.
 %&-line parsing enabled.
**ICITCS2015.tex
(./ICITCS2015.tex
LaTeX2e <2011/06/27>
Babel <3.9f> and hyphenation patterns for 78 languages loaded.
(./IEEEtran.cls
Document Class: IEEEtran 2012/11/21 V1.8c by Harald Hanche-Olsen and Anders Chr
istensen
-- Based on V1.7a by Michael Shell
-- See the "IEEEtran_HOWTO" manual for usage information.
-- http://www.michaelshell.org/tex/ieeetran/
\@IEEEtrantmpdimenA=\dimen102
\@IEEEtrantmpdimenB=\dimen103
\@IEEEtrantmpcountA=\count79
\@IEEEtrantmpcountB=\count80
\@IEEEtrantmptoksA=\toks14
LaTeX Font Info:    Try loading font information for OT1+ptm on input line 373.

(/usr/local/texlive/2013/texmf-dist/tex/latex/psnfss/ot1ptm.fd
File: ot1ptm.fd 2001/06/04 font definitions for OT1/ptm.
)
-- Using 8.5in x 11in (letter) paper.
-- Using PDF output.
\@IEEEnormalsizeunitybaselineskip=\dimen104
-- This is a 10 point document.
\CLASSINFOnormalsizebaselineskip=\dimen105
\CLASSINFOnormalsizeunitybaselineskip=\dimen106
\IEEEnormaljot=\dimen107
LaTeX Font Info:    Font shape `OT1/ptm/bx/n' in size <5> not available
(Font)              Font shape `OT1/ptm/b/n' tried instead on input line 731.
LaTeX Font Info:    Font shape `OT1/ptm/bx/it' in size <5> not available
(Font)              Font shape `OT1/ptm/b/it' tried instead on input line 731.
LaTeX Font Info:    Font shape `OT1/ptm/bx/n' in size <7> not available
(Font)              Font shape `OT1/ptm/b/n' tried instead on input line 731.
LaTeX Font Info:    Font shape `OT1/ptm/bx/it' in size <7> not available
(Font)              Font shape `OT1/ptm/b/it' tried instead on input line 731.
LaTeX Font Info:    Font shape `OT1/ptm/bx/n' in size <8> not available
(Font)              Font shape `OT1/ptm/b/n' tried instead on input line 731.
LaTeX Font Info:    Font shape `OT1/ptm/bx/it' in size <8> not available
(Font)              Font shape `OT1/ptm/b/it' tried instead on input line 731.
LaTeX Font Info:    Font shape `OT1/ptm/bx/n' in size <9> not available
(Font)              Font shape `OT1/ptm/b/n' tried instead on input line 731.
LaTeX Font Info:    Font shape `OT1/ptm/bx/it' in size <9> not available
(Font)              Font shape `OT1/ptm/b/it' tried instead on input line 731.
LaTeX Font Info:    Font shape `OT1/ptm/bx/n' in size <10> not available
(Font)              Font shape `OT1/ptm/b/n' tried instead on input line 731.
LaTeX Font Info:    Font shape `OT1/ptm/bx/it' in size <10> not available
(Font)              Font shape `OT1/ptm/b/it' tried instead on input line 731.
LaTeX Font Info:    Font shape `OT1/ptm/bx/n' in size <11> not available
(Font)              Font shape `OT1/ptm/b/n' tried instead on input line 731.
LaTeX Font Info:    Font shape `OT1/ptm/bx/it' in size <11> not available
(Font)              Font shape `OT1/ptm/b/it' tried instead on input line 731.
LaTeX Font Info:    Font shape `OT1/ptm/bx/n' in size <12> not available
(Font)              Font shape `OT1/ptm/b/n' tried instead on input line 731.
LaTeX Font Info:    Font shape `OT1/ptm/bx/it' in size <12> not available
(Font)              Font shape `OT1/ptm/b/it' tried instead on input line 731.
LaTeX Font Info:    Font shape `OT1/ptm/bx/n' in size <17> not available
(Font)              Font shape `OT1/ptm/b/n' tried instead on input line 731.
LaTeX Font Info:    Font shape `OT1/ptm/bx/it' in size <17> not available
(Font)              Font shape `OT1/ptm/b/it' tried instead on input line 731.
LaTeX Font Info:    Font shape `OT1/ptm/bx/n' in size <20> not available
(Font)              Font shape `OT1/ptm/b/n' tried instead on input line 731.
LaTeX Font Info:    Font shape `OT1/ptm/bx/it' in size <20> not available
(Font)              Font shape `OT1/ptm/b/it' tried instead on input line 731.
LaTeX Font Info:    Font shape `OT1/ptm/bx/n' in size <24> not available
(Font)              Font shape `OT1/ptm/b/n' tried instead on input line 731.
LaTeX Font Info:    Font shape `OT1/ptm/bx/it' in size <24> not available
(Font)              Font shape `OT1/ptm/b/it' tried instead on input line 731.
\IEEEilabelindentA=\dimen108
\IEEEilabelindentB=\dimen109
\IEEEilabelindent=\dimen110
\IEEEelabelindent=\dimen111
\IEEEdlabelindent=\dimen112
\IEEElabelindent=\dimen113
\IEEEiednormlabelsep=\dimen114
\IEEEiedmathlabelsep=\dimen115
\IEEEiedtopsep=\skip41
\c@section=\count81
\c@subsection=\count82
\c@subsubsection=\count83
\c@paragraph=\count84
\c@IEEEsubequation=\count85
\abovecaptionskip=\skip42
\belowcaptionskip=\skip43
\c@figure=\count86
\c@table=\count87
\@IEEEeqnnumcols=\count88
\@IEEEeqncolcnt=\count89
\@IEEEtmpitemindent=\dimen116
\c@IEEEbiography=\count90
\@IEEEtranrubishbin=\box26
) (/usr/local/texlive/2013/texmf-dist/tex/latex/graphics/graphicx.sty
Package: graphicx 1999/02/16 v1.0f Enhanced LaTeX Graphics (DPC,SPQR)

(/usr/local/texlive/2013/texmf-dist/tex/latex/graphics/keyval.sty
Package: keyval 1999/03/16 v1.13 key=value parser (DPC)
\KV@toks@=\toks15
)
(/usr/local/texlive/2013/texmf-dist/tex/latex/graphics/graphics.sty
Package: graphics 2009/02/05 v1.0o Standard LaTeX Graphics (DPC,SPQR)

(/usr/local/texlive/2013/texmf-dist/tex/latex/graphics/trig.sty
Package: trig 1999/03/16 v1.09 sin cos tan (DPC)
)
(/usr/local/texlive/2013/texmf-dist/tex/latex/latexconfig/graphics.cfg
File: graphics.cfg 2010/04/23 v1.9 graphics configuration of TeX Live
)
Package graphics Info: Driver file: pdftex.def on input line 91.

(/usr/local/texlive/2013/texmf-dist/tex/latex/pdftex-def/pdftex.def
File: pdftex.def 2011/05/27 v0.06d Graphics/color for pdfTeX

(/usr/local/texlive/2013/texmf-dist/tex/generic/oberdiek/infwarerr.sty
Package: infwarerr 2010/04/08 v1.3 Providing info/warning/error messages (HO)
)
(/usr/local/texlive/2013/texmf-dist/tex/generic/oberdiek/ltxcmds.sty
Package: ltxcmds 2011/11/09 v1.22 LaTeX kernel commands for general use (HO)
)
\Gread@gobject=\count91
))
\Gin@req@height=\dimen117
\Gin@req@width=\dimen118
)
(./ICITCS2015.aux)
\openout1 = `ICITCS2015.aux'.

LaTeX Font Info:    Checking defaults for OML/cmm/m/it on input line 352.
LaTeX Font Info:    ... okay on input line 352.
LaTeX Font Info:    Checking defaults for T1/cmr/m/n on input line 352.
LaTeX Font Info:    ... okay on input line 352.
LaTeX Font Info:    Checking defaults for OT1/cmr/m/n on input line 352.
LaTeX Font Info:    ... okay on input line 352.
LaTeX Font Info:    Checking defaults for OMS/cmsy/m/n on input line 352.
LaTeX Font Info:    ... okay on input line 352.
LaTeX Font Info:    Checking defaults for OMX/cmex/m/n on input line 352.
LaTeX Font Info:    ... okay on input line 352.
LaTeX Font Info:    Checking defaults for U/cmr/m/n on input line 352.
LaTeX Font Info:    ... okay on input line 352.

(/usr/local/texlive/2013/texmf-dist/tex/context/base/supp-pdf.mkii
[Loading MPS to PDF converter (version 2006.09.02).]
\scratchcounter=\count92
\scratchdimen=\dimen119
\scratchbox=\box27
\nofMPsegments=\count93
\nofMParguments=\count94
\everyMPshowfont=\toks16
\MPscratchCnt=\count95
\MPscratchDim=\dimen120
\MPnumerator=\count96
\makeMPintoPDFobject=\count97
\everyMPtoPDFconversion=\toks17
) (/usr/local/texlive/2013/texmf-dist/tex/generic/oberdiek/pdftexcmds.sty
Package: pdftexcmds 2011/11/29 v0.20 Utility functions of pdfTeX for LuaTeX (HO
)

(/usr/local/texlive/2013/texmf-dist/tex/generic/oberdiek/ifluatex.sty
Package: ifluatex 2010/03/01 v1.3 Provides the ifluatex switch (HO)
Package ifluatex Info: LuaTeX not detected.
)
(/usr/local/texlive/2013/texmf-dist/tex/generic/oberdiek/ifpdf.sty
Package: ifpdf 2011/01/30 v2.3 Provides the ifpdf switch (HO)
Package ifpdf Info: pdfTeX in PDF mode is detected.
)
Package pdftexcmds Info: LuaTeX not detected.
Package pdftexcmds Info: \pdf@primitive is available.
Package pdftexcmds Info: \pdf@ifprimitive is available.
Package pdftexcmds Info: \pdfdraftmode found.
)
(/usr/local/texlive/2013/texmf-dist/tex/latex/oberdiek/epstopdf-base.sty
Package: epstopdf-base 2010/02/09 v2.5 Base part for package epstopdf

(/usr/local/texlive/2013/texmf-dist/tex/latex/oberdiek/grfext.sty
Package: grfext 2010/08/19 v1.1 Manage graphics extensions (HO)

(/usr/local/texlive/2013/texmf-dist/tex/generic/oberdiek/kvdefinekeys.sty
Package: kvdefinekeys 2011/04/07 v1.3 Define keys (HO)
))
(/usr/local/texlive/2013/texmf-dist/tex/latex/oberdiek/kvoptions.sty
Package: kvoptions 2011/06/30 v3.11 Key value format for package options (HO)

(/usr/local/texlive/2013/texmf-dist/tex/generic/oberdiek/kvsetkeys.sty
Package: kvsetkeys 2012/04/25 v1.16 Key value parser (HO)

(/usr/local/texlive/2013/texmf-dist/tex/generic/oberdiek/etexcmds.sty
Package: etexcmds 2011/02/16 v1.5 Avoid name clashes with e-TeX commands (HO)
Package etexcmds Info: Could not find \expanded.
(etexcmds)             That can mean that you are not using pdfTeX 1.50 or
(etexcmds)             that some package has redefined \expanded.
(etexcmds)             In the latter case, load this package earlier.
)))
Package grfext Info: Graphics extension search list:
(grfext)             [.pdf,.jpeg,.png,.eps]
(grfext)             \AppendGraphicsExtensions on input line 452.

(/usr/local/texlive/2013/texmf-dist/tex/latex/latexconfig/epstopdf-sys.cfg
File: epstopdf-sys.cfg 2010/07/13 v1.3 Configuration of (r)epstopdf for TeX Liv
e
))
(./abstract.tex) (./contents.tex
LaTeX Font Info:    External font `cmex10' loaded for size
(Font)              <7> on input line 12.
LaTeX Font Info:    External font `cmex10' loaded for size
(Font)              <5> on input line 12.

<constraintsViolation.pdf, id=1, 336.7807pt x 97.13087pt>
File: constraintsViolation.pdf Graphic file (type pdf)

<use constraintsViolation.pdf>
Package pdftex.def Info: constraintsViolation.pdf used on input line 21.
(pdftex.def)             Requested size: 227.62204pt x 65.6509pt.
 [1{/usr/local/texlive/2013/texmf-var/fonts/map/pdftex/updmap/pdftex.map}


 <./constraintsViolation.pdf>]
LaTeX Font Info:    Try loading font information for OT1+phv on input line 53.

(/usr/local/texlive/2013/texmf-dist/tex/latex/psnfss/ot1phv.fd
File: ot1phv.fd 2001/06/04 scalable font definitions for OT1/phv.
)
<jumpIndices.pdf, id=20, 188.72127pt x 111.085pt>
File: jumpIndices.pdf Graphic file (type pdf)
 <use jumpIndices.pdf>
Package pdftex.def Info: jumpIndices.pdf used on input line 86.
(pdftex.def)             Requested size: 156.49014pt x 92.11407pt.

[2 <./jumpIndices.pdf>]
Underfull \hbox (badness 4752) in paragraph at lines 124--125
[]\OT1/ptm/b/n/10 SCX\OT1/ptm/m/n/10 : The orig-i-nal SCX method pro-posed by
 []

LaTeX Font Info:    External font `cmex10' loaded for size
(Font)              <8> on input line 136.
LaTeX Font Info:    External font `cmex10' loaded for size
(Font)              <6> on input line 136.
<images/SCX4000_4Gen.jpg, id=33, 388.45125pt x 429.605pt>
File: images/SCX4000_4Gen.jpg Graphic file (type jpg)

<use images/SCX4000_4Gen.jpg>
Package pdftex.def Info: images/SCX4000_4Gen.jpg used on input line 154.
(pdftex.def)             Requested size: 122.34692pt x 135.30661pt.

<images/TWSCX4000_4Gen.jpg, id=34, 388.45125pt x 428.60126pt>
File: images/TWSCX4000_4Gen.jpg Graphic file (type jpg)

<use images/TWSCX4000_4Gen.jpg>
Package pdftex.def Info: images/TWSCX4000_4Gen.jpg used on input line 155.
(pdftex.def)             Requested size: 122.34692pt x 134.99048pt.

<images/BCSCX4000_4Gen.jpg, id=35, 383.4325pt x 429.605pt>
File: images/BCSCX4000_4Gen.jpg Graphic file (type jpg)

<use images/BCSCX4000_4Gen.jpg>
Package pdftex.def Info: images/BCSCX4000_4Gen.jpg used on input line 156.
(pdftex.def)             Requested size: 122.34692pt x 137.07654pt.

<images/mBCSCX4000_4Gen.jpg, id=36, 383.4325pt x 432.61626pt>
File: images/mBCSCX4000_4Gen.jpg Graphic file (type jpg)

<use images/mBCSCX4000_4Gen.jpg>
Package pdftex.def Info: images/mBCSCX4000_4Gen.jpg used on input line 157.
(pdftex.def)             Requested size: 122.34692pt x 138.03735pt.

Overfull \hbox (13.28795pt too wide) in paragraph at lines 153--160
 [][] 
 []

<images/conv1024_20.jpg, id=37, 381.67593pt x 384.6872pt>
File: images/conv1024_20.jpg Graphic file (type jpg)

<use images/conv1024_20.jpg>
Package pdftex.def Info: images/conv1024_20.jpg used on input line 167.
(pdftex.def)             Requested size: 122.34692pt x 123.30786pt.

<images/conv1024_100.jpg, id=38, 381.67593pt x 384.6872pt>
File: images/conv1024_100.jpg Graphic file (type jpg)

<use images/conv1024_100.jpg>
Package pdftex.def Info: images/conv1024_100.jpg used on input line 168.
(pdftex.def)             Requested size: 122.34692pt x 123.30786pt.

<images/conv1024_400.jpg, id=39, 381.67593pt x 384.6872pt>
File: images/conv1024_400.jpg Graphic file (type jpg)

<use images/conv1024_400.jpg>
Package pdftex.def Info: images/conv1024_400.jpg used on input line 169.
(pdftex.def)             Requested size: 122.34692pt x 123.30786pt.

<images/conv1024_1000.jpg, id=40, 381.67593pt x 385.44pt>
File: images/conv1024_1000.jpg Graphic file (type jpg)

<use images/conv1024_1000.jpg>
Package pdftex.def Info: images/conv1024_1000.jpg used on input line 170.
(pdftex.def)             Requested size: 122.34692pt x 123.54916pt.

Overfull \hbox (13.28795pt too wide) in paragraph at lines 166--173
 [][] 
 []


Underfull \vbox (badness 7116) has occurred while \output is active []

 [3]
<images/longtermEvolve.jpg, id=48, 672.26157pt x 276.28218pt>
File: images/longtermEvolve.jpg Graphic file (type jpg)

<use images/longtermEvolve.jpg>
Package pdftex.def Info: images/longtermEvolve.jpg used on input line 198.
(pdftex.def)             Requested size: 256.0748pt x 105.24126pt.

Overfull \hbox (3.02493pt too wide) in paragraph at lines 198--199
 [][] 
 []

) (./ICITCS2015.bbl
Missing character: There is no Ò in font ptmr7t!
Missing character: There is no Ó in font ptmr7t!
)

** Conference Paper **
Before submitting the final camera ready copy, remember to:

 1. Manually equalize the lengths of two columns on the last page
 of your paper;

 2. Ensure that any PostScript and/or PDF output post-processing
 uses only Type 1 fonts and that every step in the generation
 process uses the appropriate paper size.

[4 <./images/SCX4000_4Gen.jpg> <./images/TWSCX4000_4Gen.jpg> <./images/BCSCX400
0_4Gen.jpg> <./images/mBCSCX4000_4Gen.jpg> <./images/conv1024_20.jpg> <./images
/conv1024_100.jpg> <./images/conv1024_400.jpg> <./images/conv1024_1000.jpg> <./
images/longtermEvolve.jpg>] (./ICITCS2015.aux) ) 
Here is how much of TeX's memory you used:
 2314 strings out of 493315
 37506 string characters out of 6137905
 110135 words of memory out of 5000000
 5737 multiletter control sequences out of 15000+600000
 41635 words of font info for 75 fonts, out of 8000000 for 9000
 960 hyphenation exceptions out of 8191
 37i,11n,23p,1158b,322s stack positions out of 5000i,500n,10000p,200000b,80000s
{/usr/local/texlive/2013/texmf-
dist/fonts/enc/dvips/base/8r.enc}</usr/local/texlive/2013/texmf-dist/fonts/type
1/public/amsfonts/cm/cmmi10.pfb></usr/local/texlive/2013/texmf-dist/fonts/type1
/public/amsfonts/cm/cmmi5.pfb></usr/local/texlive/2013/texmf-dist/fonts/type1/p
ublic/amsfonts/cm/cmmi7.pfb></usr/local/texlive/2013/texmf-dist/fonts/type1/pub
lic/amsfonts/cm/cmmi8.pfb></usr/local/texlive/2013/texmf-dist/fonts/type1/publi
c/amsfonts/cm/cmr10.pfb></usr/local/texlive/2013/texmf-dist/fonts/type1/public/
amsfonts/cm/cmr5.pfb></usr/local/texlive/2013/texmf-dist/fonts/type1/public/ams
fonts/cm/cmr7.pfb></usr/local/texlive/2013/texmf-dist/fonts/type1/public/amsfon
ts/cm/cmsy10.pfb></usr/local/texlive/2013/texmf-dist/fonts/type1/public/amsfont
s/cm/cmsy7.pfb></usr/local/texlive/2013/texmf-dist/fonts/type1/urw/helvetic/uhv
r8a.pfb></usr/local/texlive/2013/texmf-dist/fonts/type1/urw/times/utmb8a.pfb></
usr/local/texlive/2013/texmf-dist/fonts/type1/urw/times/utmbi8a.pfb></usr/local
/texlive/2013/texmf-dist/fonts/type1/urw/times/utmr8a.pfb></usr/local/texlive/2
013/texmf-dist/fonts/type1/urw/times/utmri8a.pfb>
Output written on ICITCS2015.pdf (4 pages, 950787 bytes).
PDF statistics:
 96 PDF objects out of 1000 (max. 8388607)
 60 compressed objects within 1 object stream
 0 named destinations out of 1000 (max. 500000)
 56 words of extra memory for PDF output out of 10000 (max. 10000000)

